<?xml version="1.0" encoding="UTF-8"?>
<!-- Generated by org.testng.reporters.JUnitReportReporter -->
<testsuite hostname="DESKTOP-3AE5TMV" failures="0" tests="1" name="com.testNg.testNgannotations" time="0.006" errors="0" timestamp="2021-12-07T15:57:05 CST" skipped="0">
  <testcase classname="com.testNg.testNgannotations" name="testcase7" time="0.006"/>
  <system-out/>
</testsuite> <!-- com.testNg.testNgannotations -->
